<?xml version="1.0" encoding="UTF-8"?>
<testsuite name="Test" tests="3" skipped="0" failures="0" errors="0" timestamp="2021-10-02T14:17:58" hostname="littlebox" time="0.018">
  <properties/>
  <testcase name="testSeno30" classname="Test" time="0.013"/>
  <testcase name="testSeno45" classname="Test" time="0.003"/>
  <testcase name="testSeno90" classname="Test" time="0.002"/>
  <system-out><![CDATA[Xi:0.023924596202797455 - pow:0.52359877559,3 - factorial(3):6
Xi:0.023924596202797455 - seno:0.49967417938720254 - i:3
Xi:3.279531944026812E-4 - pow:0.52359877559,5 - factorial(5):120
Xi:3.279531944026812E-4 - seno:0.5000021325816052 - i:5
Xi:2.140719768998289E-6 - pow:0.52359877559,7 - factorial(7):5040
Xi:2.140719768998289E-6 - seno:0.4999999918618362 - i:7
Xi:8.151256656224833E-9 - pow:0.52359877559,9 - factorial(9):362880
Xi:8.151256656224833E-9 - seno:0.5000000000130929 - i:9
Xi:0.08074551218598354 - pow:0.78539816339,3 - factorial(3):6
Xi:0.08074551218598354 - seno:0.7046526512040164 - i:3
Xi:0.002490394570074632 - pow:0.78539816339,5 - factorial(5):120
Xi:0.002490394570074632 - seno:0.707143045774091 - i:5
Xi:3.6576204179749155E-5 - pow:0.78539816339,7 - factorial(7):5040
Xi:3.6576204179749155E-5 - seno:0.7071064695699113 - i:7
Xi:3.1336168901106625E-7 - pow:0.78539816339,9 - factorial(9):362880
Xi:3.1336168901106625E-7 - seno:0.7071067829316003 - i:9
Xi:0.6459640975002053 - pow:1.57079632679,3 - factorial(3):6
Xi:0.6459640975002053 - seno:0.9248322292897947 - i:3
Xi:0.07969262624492493 - pow:1.57079632679,5 - factorial(5):120
Xi:0.07969262624492493 - seno:1.0045248555347197 - i:5
Xi:0.004681754135216528 - pow:1.57079632679,7 - factorial(7):5040
Xi:0.004681754135216528 - seno:0.9998431013995032 - i:7
Xi:1.6044118478285857E-4 - pow:1.57079632679,9 - factorial(9):362880
Xi:1.6044118478285857E-4 - seno:1.000003542584286 - i:9
]]></system-out>
  <system-err><![CDATA[]]></system-err>
</testsuite>
