<?xml version="1.0" encoding="UTF-8"?>
<testsuite name="Test" tests="4" skipped="0" failures="0" errors="0" timestamp="2021-10-02T14:10:53" hostname="littlebox" time="0.034">
  <properties/>
  <testcase name="testContabilizarAprovados01" classname="Test" time="0.032"/>
  <testcase name="testContabilizarAprovados02" classname="Test" time="0.0"/>
  <testcase name="testContabilizarAprovados03" classname="Test" time="0.0"/>
  <testcase name="testContabilizarAprovados04" classname="Test" time="0.0"/>
  <system-out><![CDATA[]]></system-out>
  <system-err><![CDATA[]]></system-err>
</testsuite>
